<?xml version="1.0" encoding="UTF-8"?>
<!-- Generated by org.testng.reporters.JUnitReportReporter -->
<testsuite hostname="LENO-PC0CWH8R" failures="0" tests="1" name="sampleTests.DemoTest" time="0.089" errors="0" timestamp="2022-09-08T14:01:30 IST" skipped="0">
  <testcase classname="sampleTests.DemoTest" name="Demo" time="0.089"/>
  <system-out/>
</testsuite> <!-- sampleTests.DemoTest -->
